<?xml version="1.0" encoding="UTF-8"?>
<!-- Generated by org.testng.reporters.JUnitReportReporter -->
<testsuite hostname="Eitan-PC" failures="0" tests="1" name="openCart.ClickCartTest" time="5.903" errors="0" timestamp="2023-02-23T11:49:08 IST" skipped="0">
  <testcase classname="openCart.ClickCartTest" name="clickCart" time="5.903"/>
  <system-out/>
</testsuite> <!-- openCart.ClickCartTest -->
